mode: set
transformation-factory/generated/ringbuffer/RingBuffer.go:11.50,13.2 1 0
transformation-factory/generated/ringbuffer/RingBuffer.go:15.42,18.29 3 1
transformation-factory/generated/ringbuffer/RingBuffer.go:18.29,20.6 1 1
transformation-factory/generated/ringbuffer/RingBuffer.go:23.53,24.35 1 1
transformation-factory/generated/ringbuffer/RingBuffer.go:24.35,26.6 1 1
transformation-factory/generated/ringbuffer/RingBuffer.go:27.5,27.24 1 1
transformation-factory/generated/ringbuffer/RingBuffer.go:27.24,29.6 1 1
transformation-factory/generated/ringbuffer/RingBuffer.go:30.5,32.21 3 1
transformation-factory/generated/ringbuffer/RingBuffer.go:32.21,34.6 1 0
transformation-factory/generated/ringbuffer/RingBuffer.go:35.5,38.32 4 1
transformation-factory/generated/ringbuffer/RingBuffer.go:38.32,40.6 1 1
transformation-factory/generated/ringbuffer/RingBuffer.go:41.5,41.18 1 1
transformation-factory/generated/ringbuffer/RingBuffer.go:44.36,45.21 1 1
transformation-factory/generated/ringbuffer/RingBuffer.go:45.21,47.6 1 0
transformation-factory/generated/ringbuffer/RingBuffer.go:48.5,50.34 3 1
transformation-factory/generated/ringbuffer/RingBuffer.go:50.34,53.6 2 1
transformation-factory/generated/ringbuffer/RingBuffer.go:54.5,54.34 1 1
transformation-factory/generated/ringbuffer/RingBuffer.go:57.44,59.2 1 1
