mode: set
transformation-factory/generated/TransactionRouter.go:15.67,17.44 1 1
transformation-factory/generated/TransactionRouter.go:17.44,19.6 1 0
transformation-factory/generated/TransactionRouter.go:20.5,20.76 1 1
transformation-factory/generated/TransactionRouter.go:20.76,22.6 1 0
transformation-factory/generated/TransactionRouter.go:23.5,24.38 2 1
transformation-factory/generated/TransactionRouter.go:24.38,25.63 1 1
transformation-factory/generated/TransactionRouter.go:25.63,27.10 1 0
transformation-factory/generated/TransactionRouter.go:30.5,31.19 2 1
transformation-factory/generated/TransactionRouter.go:31.19,33.6 1 0
transformation-factory/generated/TransactionRouter.go:34.5,43.56 3 1
transformation-factory/generated/TransactionRouter.go:43.56,45.6 1 0
transformation-factory/generated/TransactionRouter.go:48.5,56.54 2 1
transformation-factory/generated/TransactionRouter.go:56.54,58.6 1 0
transformation-factory/generated/TransactionRouter.go:61.5,71.39 4 1
transformation-factory/generated/TransactionRouter.go:71.39,72.107 1 1
transformation-factory/generated/TransactionRouter.go:72.107,74.10 1 0
transformation-factory/generated/TransactionRouter.go:77.5,77.15 1 1
transformation-factory/generated/TransactionRouter.go:80.103,81.37 1 1
transformation-factory/generated/TransactionRouter.go:81.37,83.3 1 0
transformation-factory/generated/TransactionRouter.go:84.2,84.46 1 1
transformation-factory/generated/TransactionRouter.go:84.46,86.3 1 0
transformation-factory/generated/TransactionRouter.go:87.2,87.46 1 1
transformation-factory/generated/TransactionRouter.go:87.46,89.3 1 1
transformation-factory/generated/TransactionRouter.go:90.2,90.73 1 1
transformation-factory/generated/TransactionRouter.go:90.73,92.3 1 0
transformation-factory/generated/TransactionRouter.go:94.2,95.16 2 1
transformation-factory/generated/TransactionRouter.go:95.16,97.3 1 0
transformation-factory/generated/TransactionRouter.go:98.2,102.16 4 1
transformation-factory/generated/TransactionRouter.go:102.16,103.27 1 1
transformation-factory/generated/TransactionRouter.go:103.27,105.4 1 1
transformation-factory/generated/TransactionRouter.go:106.3,106.55 1 0
transformation-factory/generated/TransactionRouter.go:109.2,113.16 2 1
transformation-factory/generated/TransactionRouter.go:113.16,115.3 1 1
transformation-factory/generated/TransactionRouter.go:117.2,117.21 1 0
transformation-factory/generated/TransactionRouter.go:120.96,122.37 1 0
transformation-factory/generated/TransactionRouter.go:122.37,124.3 1 0
transformation-factory/generated/TransactionRouter.go:125.2,125.37 1 0
transformation-factory/generated/TransactionRouter.go:125.37,127.3 1 0
transformation-factory/generated/TransactionRouter.go:128.2,128.73 1 0
transformation-factory/generated/TransactionRouter.go:128.73,130.3 1 0
transformation-factory/generated/TransactionRouter.go:131.2,132.38 2 0
transformation-factory/generated/TransactionRouter.go:132.38,133.65 1 0
transformation-factory/generated/TransactionRouter.go:133.65,135.4 1 0
transformation-factory/generated/TransactionRouter.go:138.2,139.16 2 0
transformation-factory/generated/TransactionRouter.go:139.16,141.3 1 0
transformation-factory/generated/TransactionRouter.go:142.2,146.41 4 0
transformation-factory/generated/TransactionRouter.go:146.41,148.3 1 0
transformation-factory/generated/TransactionRouter.go:149.2,149.19 1 0
transformation-factory/generated/main.go:8.13,10.22 2 0
transformation-factory/generated/main.go:10.22,12.3 1 0
transformation-factory/generated/main.go:14.2,16.56 2 0
transformation-factory/generated/main.go:16.56,19.3 2 0
transformation-factory/generated/main.go:21.2,27.34 2 0
transformation-factory/generated/main.go:27.34,29.17 2 0
transformation-factory/generated/main.go:29.17,31.12 2 0
transformation-factory/generated/main.go:33.3,33.46 1 0
transformation-factory/generated/main.go:36.2,37.16 2 0
transformation-factory/generated/main.go:37.16,39.3 1 0
transformation-factory/generated/main.go:40.2,40.11 1 0
